<?xml version="1.0" encoding="UTF-8"?>
<testsuite xmlns:xsi="http://www.w3.org/2001/XMLSchema-instance" xsi:noNamespaceSchemaLocation="https://maven.apache.org/surefire/maven-surefire-plugin/xsd/surefire-test-report-3.0.xsd" version="3.0" name="dev.sriram.riddle_romeo_login_api.RiddleRomeoLoginApiApplicationTests" time="5.96" tests="1" errors="0" skipped="0" failures="0">
  <properties>
[...]
</properties>
  <testcase name="contextLoads" classname="dev.sriram.riddle_romeo_login_api.RiddleRomeoLoginApiApplicationTests" time="1.115">
    <system-out><![CDATA[05:32:17.199 [main] INFO org.springframework.test.context.support.AnnotationConfigContextLoaderUtils -- Could not detect default configuration classes for test class [dev.sriram.riddle_romeo_login_api.RiddleRomeoLoginApiApplicationTests]: RiddleRomeoLoginApiApplicationTests does not declare any static, non-private, non-final, nested classes annotated with @Configuration.
05:32:17.330 [main] INFO org.springframework.boot.test.context.SpringBootTestContextBootstrapper -- Found @SpringBootConfiguration dev.sriram.riddle_romeo_login_api.RiddleRomeoLoginApiApplication for test class dev.sriram.riddle_romeo_login_api.RiddleRomeoLoginApiApplicationTests
05:32:17.540 [main] INFO org.springframework.boot.devtools.restart.RestartApplicationListener -- Restart disabled due to context in which it is running

  .   ____          _            __ _ _
 /\\ / ___'_ __ _ _(_)_ __  __ _ \ \ \ \
( ( )\___ | '_ | '_| | '_ \/ _` | \ \ \ \
 \\/  ___)| |_)| | | | | || (_| |  ) ) ) )
  '  |____| .__|_| |_|_| |_\__, | / / / /
 =========|_|==============|___/=/_/_/_/
 :: Spring Boot ::                (v3.2.4)

2024-04-25T05:32:17.873+05:30  INFO 6324 --- [riddle_romeo_login_api] [           main] .s.r.RiddleRomeoLoginApiApplicationTests : Starting RiddleRomeoLoginApiApplicationTests using Java 17.0.10 with PID 6324 (started by HP in C:\Users\HP\Documents\GitHub\Riddle_Romeo_Login_API\riddle_romeo_login_api)
2024-04-25T05:32:17.873+05:30  INFO 6324 --- [riddle_romeo_login_api] [           main] .s.r.RiddleRomeoLoginApiApplicationTests : No active profile set, falling back to 1 default profile: "default"
2024-04-25T05:32:18.844+05:30  INFO 6324 --- [riddle_romeo_login_api] [           main] .s.d.r.c.RepositoryConfigurationDelegate : Bootstrapping Spring Data MongoDB repositories in DEFAULT mode.
2024-04-25T05:32:18.899+05:30  INFO 6324 --- [riddle_romeo_login_api] [           main] .s.d.r.c.RepositoryConfigurationDelegate : Finished Spring Data repository scanning in 54 ms. Found 2 MongoDB repository interfaces.
2024-04-25T05:32:20.604+05:30  INFO 6324 --- [riddle_romeo_login_api] [           main] org.mongodb.driver.client                : MongoClient with metadata {"driver": {"name": "mongo-java-driver|sync|spring-boot", "version": "4.11.1"}, "os": {"type": "Windows", "name": "Windows 11", "architecture": "amd64", "version": "10.0"}, "platform": "Java/Eclipse Adoptium/17.0.10+7"} created with settings MongoClientSettings{readPreference=primary, writeConcern=WriteConcern{w=null, wTimeout=null ms, journal=null}, retryWrites=true, retryReads=true, readConcern=ReadConcern{level=null}, credential=MongoCredential{mechanism=null, userName='Riddle_Romeo_Admin', source='admin', password=<hidden>, mechanismProperties=<hidden>}, transportSettings=null, streamFactoryFactory=null, commandListeners=[io.micrometer.core.instrument.binder.mongodb.MongoMetricsCommandListener@587c5c1], codecRegistry=ProvidersCodecRegistry{codecProviders=[ValueCodecProvider{}, BsonValueCodecProvider{}, DBRefCodecProvider{}, DBObjectCodecProvider{}, DocumentCodecProvider{}, CollectionCodecProvider{}, IterableCodecProvider{}, MapCodecProvider{}, GeoJsonCodecProvider{}, GridFSFileCodecProvider{}, Jsr310CodecProvider{}, JsonObjectCodecProvider{}, BsonCodecProvider{}, EnumCodecProvider{}, com.mongodb.client.model.mql.ExpressionCodecProvider@528c8c1, com.mongodb.Jep395RecordCodecProvider@1f78d415, com.mongodb.KotlinCodecProvider@1c046c92]}, loggerSettings=LoggerSettings{maxDocumentLength=1000}, clusterSettings={hosts=[127.0.0.1:27017], srvHost=cluster0.afcgago.mongodb.net, srvServiceName=mongodb, mode=MULTIPLE, requiredClusterType=REPLICA_SET, requiredReplicaSetName='atlas-105wal-shard-0', serverSelector='null', clusterListeners='[]', serverSelectionTimeout='30000 ms', localThreshold='15 ms'}, socketSettings=SocketSettings{connectTimeoutMS=10000, readTimeoutMS=0, receiveBufferSize=0, proxySettings=ProxySettings{host=null, port=null, username=null, password=null}}, heartbeatSocketSettings=SocketSettings{connectTimeoutMS=10000, readTimeoutMS=10000, receiveBufferSize=0, proxySettings=ProxySettings{host=null, port=null, username=null, password=null}}, connectionPoolSettings=ConnectionPoolSettings{maxSize=100, minSize=0, maxWaitTimeMS=120000, maxConnectionLifeTimeMS=0, maxConnectionIdleTimeMS=0, maintenanceInitialDelayMS=0, maintenanceFrequencyMS=60000, connectionPoolListeners=[io.micrometer.core.instrument.binder.mongodb.MongoMetricsConnectionPoolListener@27960b1e], maxConnecting=2}, serverSettings=ServerSettings{heartbeatFrequencyMS=10000, minHeartbeatFrequencyMS=500, serverListeners='[]', serverMonitorListeners='[]'}, sslSettings=SslSettings{enabled=true, invalidHostNameAllowed=false, context=null}, applicationName='null', compressorList=[], uuidRepresentation=JAVA_LEGACY, serverApi=null, autoEncryptionSettings=null, dnsClient=null, inetAddressResolver=null, contextProvider=null}
2024-04-25T05:32:21.619+05:30  INFO 6324 --- [riddle_romeo_login_api] [ago.mongodb.net] org.mongodb.driver.cluster               : Adding discovered server ac-nvx6zyt-shard-00-00.afcgago.mongodb.net:27017 to client view of cluster
2024-04-25T05:32:21.619+05:30  INFO 6324 --- [riddle_romeo_login_api] [           main] o.s.b.a.e.web.EndpointLinksResolver      : Exposing 1 endpoint(s) beneath base path '/actuator'
2024-04-25T05:32:21.668+05:30  INFO 6324 --- [riddle_romeo_login_api] [ago.mongodb.net] org.mongodb.driver.cluster               : Adding discovered server ac-nvx6zyt-shard-00-01.afcgago.mongodb.net:27017 to client view of cluster
2024-04-25T05:32:21.672+05:30  INFO 6324 --- [riddle_romeo_login_api] [ago.mongodb.net] org.mongodb.driver.cluster               : Adding discovered server ac-nvx6zyt-shard-00-02.afcgago.mongodb.net:27017 to client view of cluster
2024-04-25T05:32:21.701+05:30  INFO 6324 --- [riddle_romeo_login_api] [           main] .s.r.RiddleRomeoLoginApiApplicationTests : Started RiddleRomeoLoginApiApplicationTests in 4.177 seconds (process running for 6.721)
2024-04-25T05:32:22.274+05:30  INFO 6324 --- [riddle_romeo_login_api] [ngodb.net:27017] org.mongodb.driver.cluster               : Monitor thread successfully connected to server with description ServerDescription{address=ac-nvx6zyt-shard-00-02.afcgago.mongodb.net:27017, type=REPLICA_SET_SECONDARY, state=CONNECTED, ok=true, minWireVersion=0, maxWireVersion=21, maxDocumentSize=16777216, logicalSessionTimeoutMinutes=30, roundTripTimeNanos=368955000, setName='atlas-105wal-shard-0', canonicalAddress=ac-nvx6zyt-shard-00-02.afcgago.mongodb.net:27017, hosts=[ac-nvx6zyt-shard-00-01.afcgago.mongodb.net:27017, ac-nvx6zyt-shard-00-00.afcgago.mongodb.net:27017, ac-nvx6zyt-shard-00-02.afcgago.mongodb.net:27017], passives=[], arbiters=[], primary='ac-nvx6zyt-shard-00-01.afcgago.mongodb.net:27017', tagSet=TagSet{[Tag{name='availabilityZone', value='aps1-az2'}, Tag{name='diskState', value='READY'}, Tag{name='nodeType', value='ELECTABLE'}, Tag{name='provider', value='AWS'}, Tag{name='region', value='AP_SOUTH_1'}, Tag{name='workloadType', value='OPERATIONAL'}]}, electionId=null, setVersion=7, topologyVersion=TopologyVersion{processId=662390ff82d6e0e8e393cf5a, counter=3}, lastWriteDate=Thu Apr 25 05:32:21 IST 2024, lastUpdateTimeNanos=90286175304300}
2024-04-25T05:32:22.274+05:30  INFO 6324 --- [riddle_romeo_login_api] [ngodb.net:27017] org.mongodb.driver.cluster               : Monitor thread successfully connected to server with description ServerDescription{address=ac-nvx6zyt-shard-00-01.afcgago.mongodb.net:27017, type=REPLICA_SET_PRIMARY, state=CONNECTED, ok=true, minWireVersion=0, maxWireVersion=21, maxDocumentSize=16777216, logicalSessionTimeoutMinutes=30, roundTripTimeNanos=370695700, setName='atlas-105wal-shard-0', canonicalAddress=ac-nvx6zyt-shard-00-01.afcgago.mongodb.net:27017, hosts=[ac-nvx6zyt-shard-00-01.afcgago.mongodb.net:27017, ac-nvx6zyt-shard-00-00.afcgago.mongodb.net:27017, ac-nvx6zyt-shard-00-02.afcgago.mongodb.net:27017], passives=[], arbiters=[], primary='ac-nvx6zyt-shard-00-01.afcgago.mongodb.net:27017', tagSet=TagSet{[Tag{name='availabilityZone', value='aps1-az3'}, Tag{name='diskState', value='READY'}, Tag{name='nodeType', value='ELECTABLE'}, Tag{name='provider', value='AWS'}, Tag{name='region', value='AP_SOUTH_1'}, Tag{name='workloadType', value='OPERATIONAL'}]}, electionId=7fffffff0000000000000007, setVersion=7, topologyVersion=TopologyVersion{processId=66238e24778c89389f219a95, counter=6}, lastWriteDate=Thu Apr 25 05:32:21 IST 2024, lastUpdateTimeNanos=90286175420100}
2024-04-25T05:32:22.276+05:30  INFO 6324 --- [riddle_romeo_login_api] [ngodb.net:27017] org.mongodb.driver.cluster               : Monitor thread successfully connected to server with description ServerDescription{address=ac-nvx6zyt-shard-00-00.afcgago.mongodb.net:27017, type=REPLICA_SET_SECONDARY, state=CONNECTED, ok=true, minWireVersion=0, maxWireVersion=21, maxDocumentSize=16777216, logicalSessionTimeoutMinutes=30, roundTripTimeNanos=380059200, setName='atlas-105wal-shard-0', canonicalAddress=ac-nvx6zyt-shard-00-00.afcgago.mongodb.net:27017, hosts=[ac-nvx6zyt-shard-00-01.afcgago.mongodb.net:27017, ac-nvx6zyt-shard-00-00.afcgago.mongodb.net:27017, ac-nvx6zyt-shard-00-02.afcgago.mongodb.net:27017], passives=[], arbiters=[], primary='ac-nvx6zyt-shard-00-01.afcgago.mongodb.net:27017', tagSet=TagSet{[Tag{name='availabilityZone', value='aps1-az1'}, Tag{name='diskState', value='READY'}, Tag{name='nodeType', value='ELECTABLE'}, Tag{name='provider', value='AWS'}, Tag{name='region', value='AP_SOUTH_1'}, Tag{name='workloadType', value='OPERATIONAL'}]}, electionId=null, setVersion=7, topologyVersion=TopologyVersion{processId=66238f7111575f318365eeca, counter=4}, lastWriteDate=Thu Apr 25 05:32:21 IST 2024, lastUpdateTimeNanos=90286179507900}
2024-04-25T05:32:22.279+05:30  INFO 6324 --- [riddle_romeo_login_api] [ngodb.net:27017] org.mongodb.driver.cluster               : Discovered replica set primary ac-nvx6zyt-shard-00-01.afcgago.mongodb.net:27017 with max election id 7fffffff0000000000000007 and max set version 7
]]></system-out>
  </testcase>
</testsuite>